# JRE version: Java(TM) SE Runtime Environment (8.0_102-b14) (build 1.8.0_102-b14)
# Java VM: Java HotSpot(TM) 64-Bit Server VM (25.102-b14 mixed mode linux-amd64 compressed oops)
Heap:
 PSYoungGen      total 147456K, used 0K [0x00000000f5f00000, 0x0000000100000000, 0x0000000100000000)
  eden space 137216K, 0% used [0x00000000f5f00000,0x00000000f5f00000,0x00000000fe500000)
  from space 10240K, 0% used [0x00000000fe500000,0x00000000fe500000,0x00000000fef00000)
  to   space 10240K, 0% used [0x00000000ff600000,0x00000000ff600000,0x0000000100000000)
 ParOldGen       total 22016K, used 15755K [0x00000000e1c00000, 0x00000000e3180000, 0x00000000f5f00000)
  object space 22016K, 71% used [0x00000000e1c00000,0x00000000e2b62d90,0x00000000e3180000)
 Metaspace       used 20680K, capacity 21176K, committed 21248K, reserved 1069056K
  class space    used 2412K, capacity 2530K, committed 2560K, reserved 1048576K
GC Heap History (10 events):
Event: 2.298 GC heap after
Heap after GC invocations=5 (full 0):
 PSYoungGen      total 35840K, used 1008K [0x00000000f5f00000, 0x00000000fb000000, 0x0000000100000000)
  eden space 34816K, 0% used [0x00000000f5f00000,0x00000000f5f00000,0x00000000f8100000)
  from space 1024K, 98% used [0x00000000f8100000,0x00000000f81fc030,0x00000000f8200000)
  to   space 6656K, 0% used [0x00000000fa980000,0x00000000fa980000,0x00000000fb000000)
 ParOldGen       total 22016K, used 13059K [0x00000000e1c00000, 0x00000000e3180000, 0x00000000f5f00000)
  object space 22016K, 59% used [0x00000000e1c00000,0x00000000e28c0db8,0x00000000e3180000)
 Metaspace       used 14657K, capacity 14920K, committed 15232K, reserved 1062912K
  class space    used 1804K, capacity 1910K, committed 1920K, reserved 1048576K
}
Event: 3.029 GC heap before
{Heap before GC invocations=6 (full 0):
 PSYoungGen      total 35840K, used 35824K [0x00000000f5f00000, 0x00000000fb000000, 0x0000000100000000)
  eden space 34816K, 100% used [0x00000000f5f00000,0x00000000f8100000,0x00000000f8100000)
  from space 1024K, 98% used [0x00000000f8100000,0x00000000f81fc030,0x00000000f8200000)
  to   space 6656K, 0% used [0x00000000fa980000,0x00000000fa980000,0x00000000fb000000)
 ParOldGen       total 22016K, used 13059K [0x00000000e1c00000, 0x00000000e3180000, 0x00000000f5f00000)
  object space 22016K, 59% used [0x00000000e1c00000,0x00000000e28c0db8,0x00000000e3180000)
 Metaspace       used 15139K, capacity 15450K, committed 15744K, reserved 1062912K
  class space    used 1827K, capacity 1913K, committed 1920K, reserved 1048576K
Event: 3.039 GC heap after
Heap after GC invocations=6 (full 0):
 PSYoungGen      total 75264K, used 3378K [0x00000000f5f00000, 0x00000000faf00000, 0x0000000100000000)
  eden space 69632K, 0% used [0x00000000f5f00000,0x00000000f5f00000,0x00000000fa300000)
  from space 5632K, 59% used [0x00000000fa980000,0x00000000faccc878,0x00000000faf00000)
  to   space 6144K, 0% used [0x00000000fa300000,0x00000000fa300000,0x00000000fa900000)
 ParOldGen       total 22016K, used 13067K [0x00000000e1c00000, 0x00000000e3180000, 0x00000000f5f00000)
  object space 22016K, 59% used [0x00000000e1c00000,0x00000000e28c2db8,0x00000000e3180000)
 Metaspace       used 15139K, capacity 15450K, committed 15744K, reserved 1062912K
  class space    used 1827K, capacity 1913K, committed 1920K, reserved 1048576K
}
Event: 4.318 GC heap before
{Heap before GC invocations=7 (full 0):
 PSYoungGen      total 75264K, used 73010K [0x00000000f5f00000, 0x00000000faf00000, 0x0000000100000000)
  eden space 69632K, 100% used [0x00000000f5f00000,0x00000000fa300000,0x00000000fa300000)
  from space 5632K, 59% used [0x00000000fa980000,0x00000000faccc878,0x00000000faf00000)
  to   space 6144K, 0% used [0x00000000fa300000,0x00000000fa300000,0x00000000fa900000)
 ParOldGen       total 22016K, used 13067K [0x00000000e1c00000, 0x00000000e3180000, 0x00000000f5f00000)
  object space 22016K, 59% used [0x00000000e1c00000,0x00000000e28c2db8,0x00000000e3180000)
 Metaspace       used 20199K, capacity 20632K, committed 20736K, reserved 1067008K
  class space    used 2375K, capacity 2498K, committed 2560K, reserved 1048576K
Event: 4.335 GC heap after
Heap after GC invocations=7 (full 0):
 PSYoungGen      total 75776K, used 6142K [0x00000000f5f00000, 0x00000000ff700000, 0x0000000100000000)
  eden space 69632K, 0% used [0x00000000f5f00000,0x00000000f5f00000,0x00000000fa300000)
  from space 6144K, 99% used [0x00000000fa300000,0x00000000fa8ffb88,0x00000000fa900000)
  to   space 8192K, 0% used [0x00000000fef00000,0x00000000fef00000,0x00000000ff700000)
 ParOldGen       total 22016K, used 15334K [0x00000000e1c00000, 0x00000000e3180000, 0x00000000f5f00000)
  object space 22016K, 69% used [0x00000000e1c00000,0x00000000e2af9b50,0x00000000e3180000)
 Metaspace       used 20199K, capacity 20632K, committed 20736K, reserved 1067008K
  class space    used 2375K, capacity 2498K, committed 2560K, reserved 1048576K
}
Event: 5.405 GC heap before
{Heap before GC invocations=8 (full 0):
 PSYoungGen      total 75776K, used 75774K [0x00000000f5f00000, 0x00000000ff700000, 0x0000000100000000)
  eden space 69632K, 100% used [0x00000000f5f00000,0x00000000fa300000,0x00000000fa300000)
  from space 6144K, 99% used [0x00000000fa300000,0x00000000fa8ffb88,0x00000000fa900000)
  to   space 8192K, 0% used [0x00000000fef00000,0x00000000fef00000,0x00000000ff700000)
 ParOldGen       total 22016K, used 15334K [0x00000000e1c00000, 0x00000000e3180000, 0x00000000f5f00000)
  object space 22016K, 69% used [0x00000000e1c00000,0x00000000e2af9b50,0x00000000e3180000)
 Metaspace       used 20297K, capacity 20760K, committed 20992K, reserved 1067008K
  class space    used 2379K, capacity 2498K, committed 2560K, reserved 1048576K
Event: 5.427 GC heap after
Heap after GC invocations=8 (full 0):
 PSYoungGen      total 145408K, used 8178K [0x00000000f5f00000, 0x00000000ffb00000, 0x0000000100000000)
  eden space 137216K, 0% used [0x00000000f5f00000,0x00000000f5f00000,0x00000000fe500000)
  from space 8192K, 99% used [0x00000000fef00000,0x00000000ff6fc918,0x00000000ff700000)
  to   space 10240K, 0% used [0x00000000fe500000,0x00000000fe500000,0x00000000fef00000)
 ParOldGen       total 22016K, used 16786K [0x00000000e1c00000, 0x00000000e3180000, 0x00000000f5f00000)
  object space 22016K, 76% used [0x00000000e1c00000,0x00000000e2c649f8,0x00000000e3180000)
 Metaspace       used 20297K, capacity 20760K, committed 20992K, reserved 1067008K
  class space    used 2379K, capacity 2498K, committed 2560K, reserved 1048576K
}
Event: 13.373 GC heap before
{Heap before GC invocations=9 (full 0):
 PSYoungGen      total 145408K, used 145394K [0x00000000f5f00000, 0x00000000ffb00000, 0x0000000100000000)
  eden space 137216K, 100% used [0x00000000f5f00000,0x00000000fe500000,0x00000000fe500000)
  from space 8192K, 99% used [0x00000000fef00000,0x00000000ff6fc918,0x00000000ff700000)
  to   space 10240K, 0% used [0x00000000fe500000,0x00000000fe500000,0x00000000fef00000)
 ParOldGen       total 22016K, used 16786K [0x00000000e1c00000, 0x00000000e3180000, 0x00000000f5f00000)
  object space 22016K, 76% used [0x00000000e1c00000,0x00000000e2c649f8,0x00000000e3180000)
 Metaspace       used 20680K, capacity 21176K, committed 21248K, reserved 1069056K
  class space    used 2412K, capacity 2530K, committed 2560K, reserved 1048576K
Event: 13.505 GC heap after
Heap after GC invocations=9 (full 0):
 PSYoungGen      total 147456K, used 2949K [0x00000000f5f00000, 0x0000000100000000, 0x0000000100000000)
  eden space 137216K, 0% used [0x00000000f5f00000,0x00000000f5f00000,0x00000000fe500000)
  from space 10240K, 28% used [0x00000000fe500000,0x00000000fe7e1540,0x00000000fef00000)
  to   space 10240K, 0% used [0x00000000ff600000,0x00000000ff600000,0x0000000100000000)
 ParOldGen       total 22016K, used 19330K [0x00000000e1c00000, 0x00000000e3180000, 0x00000000f5f00000)
  object space 22016K, 87% used [0x00000000e1c00000,0x00000000e2ee0a28,0x00000000e3180000)
 Metaspace       used 20680K, capacity 21176K, committed 21248K, reserved 1069056K
  class space    used 2412K, capacity 2530K, committed 2560K, reserved 1048576K
}
Event: 13.514 GC heap before
{Heap before GC invocations=10 (full 1):
 PSYoungGen      total 147456K, used 2949K [0x00000000f5f00000, 0x0000000100000000, 0x0000000100000000)
  eden space 137216K, 0% used [0x00000000f5f00000,0x00000000f5f00000,0x00000000fe500000)
  from space 10240K, 28% used [0x00000000fe500000,0x00000000fe7e1540,0x00000000fef00000)
  to   space 10240K, 0% used [0x00000000ff600000,0x00000000ff600000,0x0000000100000000)
 ParOldGen       total 22016K, used 19330K [0x00000000e1c00000, 0x00000000e3180000, 0x00000000f5f00000)
  object space 22016K, 87% used [0x00000000e1c00000,0x00000000e2ee0a28,0x00000000e3180000)
 Metaspace       used 20680K, capacity 21176K, committed 21248K, reserved 1069056K
  class space    used 2412K, capacity 2530K, committed 2560K, reserved 1048576K

